2011-10-31 10:27:44 Warning: Warning (2): Invalid argument supplied for foreach() in [/var/www/cakephp/cake/libs/view/view.php, line 773]
2011-10-31 12:31:24 Warning: Warning (512): Method HtmlHelper::img does not exist in [/var/www/cakephp/cake/libs/view/helper.php, line 154]
2011-10-31 12:54:20 Warning: Warning (512): <span style="color:Red;text-align:left"><b>SQL Error:</b> 1062: Duplicate entry 'mic22@mic22.info' for key 'email_UNIQUE'</span> in [/var/www/cakephp/cake/libs/model/datasources/dbo_source.php, line 684]
2011-11-02 21:07:32 Warning: Warning (2): Division by zero in [/var/www/cake/qaa/views/helpers/readable_date.php, line 27]
2011-11-02 21:08:03 Warning: Warning (2): Division by zero in [/var/www/cake/qaa/views/helpers/readable_date.php, line 27]
2011-11-02 21:08:18 Warning: Warning (2): Division by zero in [/var/www/cake/qaa/views/helpers/readable_date.php, line 27]
2011-11-02 21:08:45 Warning: Warning (2): Division by zero in [/var/www/cake/qaa/views/helpers/readable_date.php, line 27]
2011-11-02 21:10:33 Warning: Warning (2): Division by zero in [/var/www/cake/qaa/views/helpers/readable_date.php, line 27]
2011-11-02 21:11:42 Warning: Warning (2): Division by zero in [/var/www/cake/qaa/views/helpers/readable_date.php, line 27]
2011-11-02 22:15:26 Warning: Warning (2): Invalid argument supplied for foreach() in [/var/www/cake/qaa/views/questions/index.ctp, line 13]
2011-11-03 15:21:47 Warning: Warning (2): Invalid argument supplied for foreach() in [/var/www/cake/qaa/views/questions/index.ctp, line 3]
2011-11-03 18:27:59 Warning: Warning (2): Invalid argument supplied for foreach() in [/var/www/cakephp/cake/libs/model/model.php, line 578]
2011-11-03 18:28:18 Warning: Warning (2): Invalid argument supplied for foreach() in [/var/www/cakephp/cake/libs/model/model.php, line 578]
2011-11-03 18:28:27 Warning: Warning (2): Invalid argument supplied for foreach() in [/var/www/cakephp/cake/libs/model/model.php, line 578]
2011-11-03 18:58:44 Warning: Warning (512): <span style="color:Red;text-align:left"><b>SQL Error:</b> 1054: Unknown column 'Answer.question_id=' in 'where clause'</span> in [/var/www/cakephp/cake/libs/model/datasources/dbo_source.php, line 684]
2011-11-03 19:43:07 Warning: Warning (2): date() expects at least 1 parameter, 0 given in [/var/www/cake/qaa/controllers/answers_controller.php, line 21]
2011-11-04 23:34:40 Warning: Warning (2): Invalid argument supplied for foreach() in [/var/www/cake/qaa/controllers/questions_controller.php, line 46]
2011-11-04 23:34:41 Warning: Warning (2): Invalid argument supplied for foreach() in [/var/www/cake/qaa/views/questions/view.ctp, line 7]
2011-11-04 23:34:41 Warning: Warning (2): Invalid argument supplied for foreach() in [/var/www/cake/qaa/views/questions/view.ctp, line 15]
2011-11-05 00:24:17 Warning: Warning (2): Missing argument 1 for Answer::getBest(), called in /var/www/cake/qaa/controllers/questions_controller.php on line 53 and defined in [/var/www/cake/qaa/models/answer.php, line 51]
2011-11-05 00:31:49 Warning: Warning (512): <span style="color:Red;text-align:left"><b>SQL Error:</b> 1054: Unknown column 'Rating.rate' in 'field list'</span> in [/var/www/cakephp/cake/libs/model/datasources/dbo_source.php, line 684]
2011-11-05 00:52:55 Warning: Warning (512): Method NumberHelper::precossion does not exist in [/var/www/cakephp/cake/libs/view/helper.php, line 154]
2011-11-05 00:53:07 Warning: Warning (512): Method NumberHelper::precission does not exist in [/var/www/cakephp/cake/libs/view/helper.php, line 154]
2011-11-05 00:53:08 Warning: Warning (512): Method NumberHelper::precission does not exist in [/var/www/cakephp/cake/libs/view/helper.php, line 154]
2011-11-05 20:59:20 Warning: Warning (512): <span style="color:Red;text-align:left"><b>SQL Error:</b> 1064: You have an error in your SQL syntax; check the manual that corresponds to your MySQL server version for the right syntax to use near 'order = ('asc')' at line 1</span> in [/var/www/cakephp/cake/libs/model/datasources/dbo_source.php, line 684]
2011-11-05 20:59:20 Warning: Warning (512): <span style="color:Red;text-align:left"><b>SQL Error:</b> 1064: You have an error in your SQL syntax; check the manual that corresponds to your MySQL server version for the right syntax to use near 'order = ('asc')    LIMIT 20' at line 1</span> in [/var/www/cakephp/cake/libs/model/datasources/dbo_source.php, line 684]
2011-11-05 20:59:20 Warning: Warning (2): Invalid argument supplied for foreach() in [/var/www/cake/qaa/views/questions/index.ctp, line 3]
2011-11-05 20:59:22 Warning: Warning (512): <span style="color:Red;text-align:left"><b>SQL Error:</b> 1064: You have an error in your SQL syntax; check the manual that corresponds to your MySQL server version for the right syntax to use near 'order = ('asc')' at line 1</span> in [/var/www/cakephp/cake/libs/model/datasources/dbo_source.php, line 684]
2011-11-05 20:59:22 Warning: Warning (512): <span style="color:Red;text-align:left"><b>SQL Error:</b> 1064: You have an error in your SQL syntax; check the manual that corresponds to your MySQL server version for the right syntax to use near 'order = ('asc')    LIMIT 20' at line 1</span> in [/var/www/cakephp/cake/libs/model/datasources/dbo_source.php, line 684]
2011-11-05 20:59:22 Warning: Warning (2): Invalid argument supplied for foreach() in [/var/www/cake/qaa/views/questions/index.ctp, line 3]
2011-11-05 21:09:20 Warning: Warning (512): <span style="color:Red;text-align:left"><b>SQL Error:</b> 1064: You have an error in your SQL syntax; check the manual that corresponds to your MySQL server version for the right syntax to use near 'order = ('asc')' at line 1</span> in [/var/www/cakephp/cake/libs/model/datasources/dbo_source.php, line 684]
2011-11-05 21:09:20 Warning: Warning (512): <span style="color:Red;text-align:left"><b>SQL Error:</b> 1064: You have an error in your SQL syntax; check the manual that corresponds to your MySQL server version for the right syntax to use near 'order = ('asc')    LIMIT 20' at line 1</span> in [/var/www/cakephp/cake/libs/model/datasources/dbo_source.php, line 684]
2011-11-05 21:09:20 Warning: Warning (2): Invalid argument supplied for foreach() in [/var/www/cake/qaa/views/questions/index.ctp, line 3]
2011-11-05 21:09:21 Warning: Warning (512): <span style="color:Red;text-align:left"><b>SQL Error:</b> 1064: You have an error in your SQL syntax; check the manual that corresponds to your MySQL server version for the right syntax to use near 'order = ('asc')' at line 1</span> in [/var/www/cakephp/cake/libs/model/datasources/dbo_source.php, line 684]
2011-11-05 21:09:21 Warning: Warning (512): <span style="color:Red;text-align:left"><b>SQL Error:</b> 1064: You have an error in your SQL syntax; check the manual that corresponds to your MySQL server version for the right syntax to use near 'order = ('asc')    LIMIT 20' at line 1</span> in [/var/www/cakephp/cake/libs/model/datasources/dbo_source.php, line 684]
2011-11-05 21:09:21 Warning: Warning (2): Invalid argument supplied for foreach() in [/var/www/cake/qaa/views/questions/index.ctp, line 3]
2011-11-05 21:09:22 Warning: Warning (512): <span style="color:Red;text-align:left"><b>SQL Error:</b> 1064: You have an error in your SQL syntax; check the manual that corresponds to your MySQL server version for the right syntax to use near 'order = ('asc')' at line 1</span> in [/var/www/cakephp/cake/libs/model/datasources/dbo_source.php, line 684]
2011-11-05 21:09:22 Warning: Warning (512): <span style="color:Red;text-align:left"><b>SQL Error:</b> 1064: You have an error in your SQL syntax; check the manual that corresponds to your MySQL server version for the right syntax to use near 'order = ('asc')    LIMIT 20' at line 1</span> in [/var/www/cakephp/cake/libs/model/datasources/dbo_source.php, line 684]
2011-11-05 21:09:22 Warning: Warning (2): Invalid argument supplied for foreach() in [/var/www/cake/qaa/views/questions/index.ctp, line 3]
2011-11-05 21:09:22 Warning: Warning (512): <span style="color:Red;text-align:left"><b>SQL Error:</b> 1064: You have an error in your SQL syntax; check the manual that corresponds to your MySQL server version for the right syntax to use near 'order = ('asc')' at line 1</span> in [/var/www/cakephp/cake/libs/model/datasources/dbo_source.php, line 684]
2011-11-05 21:09:22 Warning: Warning (512): <span style="color:Red;text-align:left"><b>SQL Error:</b> 1064: You have an error in your SQL syntax; check the manual that corresponds to your MySQL server version for the right syntax to use near 'order = ('asc')    LIMIT 20' at line 1</span> in [/var/www/cakephp/cake/libs/model/datasources/dbo_source.php, line 684]
2011-11-05 21:09:22 Warning: Warning (2): Invalid argument supplied for foreach() in [/var/www/cake/qaa/views/questions/index.ctp, line 3]
2011-11-05 21:09:22 Warning: Warning (512): <span style="color:Red;text-align:left"><b>SQL Error:</b> 1064: You have an error in your SQL syntax; check the manual that corresponds to your MySQL server version for the right syntax to use near 'order = ('asc')' at line 1</span> in [/var/www/cakephp/cake/libs/model/datasources/dbo_source.php, line 684]
2011-11-05 21:09:22 Warning: Warning (512): <span style="color:Red;text-align:left"><b>SQL Error:</b> 1064: You have an error in your SQL syntax; check the manual that corresponds to your MySQL server version for the right syntax to use near 'order = ('asc')    LIMIT 20' at line 1</span> in [/var/www/cakephp/cake/libs/model/datasources/dbo_source.php, line 684]
2011-11-05 21:09:22 Warning: Warning (2): Invalid argument supplied for foreach() in [/var/www/cake/qaa/views/questions/index.ctp, line 3]
2011-11-05 21:10:37 Warning: Warning (512): <span style="color:Red;text-align:left"><b>SQL Error:</b> 1064: You have an error in your SQL syntax; check the manual that corresponds to your MySQL server version for the right syntax to use near 'order = ('asc')' at line 1</span> in [/var/www/cakephp/cake/libs/model/datasources/dbo_source.php, line 684]
2011-11-05 21:10:37 Warning: Warning (512): <span style="color:Red;text-align:left"><b>SQL Error:</b> 1064: You have an error in your SQL syntax; check the manual that corresponds to your MySQL server version for the right syntax to use near 'order = ('asc')    LIMIT 20' at line 1</span> in [/var/www/cakephp/cake/libs/model/datasources/dbo_source.php, line 684]
2011-11-05 21:10:37 Warning: Warning (2): Invalid argument supplied for foreach() in [/var/www/cake/qaa/views/questions/index.ctp, line 3]
2011-11-05 21:10:39 Warning: Warning (512): <span style="color:Red;text-align:left"><b>SQL Error:</b> 1064: You have an error in your SQL syntax; check the manual that corresponds to your MySQL server version for the right syntax to use near 'order = ('asc')' at line 1</span> in [/var/www/cakephp/cake/libs/model/datasources/dbo_source.php, line 684]
2011-11-05 21:10:39 Warning: Warning (512): <span style="color:Red;text-align:left"><b>SQL Error:</b> 1064: You have an error in your SQL syntax; check the manual that corresponds to your MySQL server version for the right syntax to use near 'order = ('asc')    LIMIT 20' at line 1</span> in [/var/www/cakephp/cake/libs/model/datasources/dbo_source.php, line 684]
2011-11-05 21:10:39 Warning: Warning (2): Invalid argument supplied for foreach() in [/var/www/cake/qaa/views/questions/index.ctp, line 3]
2011-11-05 21:10:40 Warning: Warning (512): <span style="color:Red;text-align:left"><b>SQL Error:</b> 1064: You have an error in your SQL syntax; check the manual that corresponds to your MySQL server version for the right syntax to use near 'order = ('asc')' at line 1</span> in [/var/www/cakephp/cake/libs/model/datasources/dbo_source.php, line 684]
2011-11-05 21:10:40 Warning: Warning (512): <span style="color:Red;text-align:left"><b>SQL Error:</b> 1064: You have an error in your SQL syntax; check the manual that corresponds to your MySQL server version for the right syntax to use near 'order = ('asc')    LIMIT 20' at line 1</span> in [/var/www/cakephp/cake/libs/model/datasources/dbo_source.php, line 684]
2011-11-05 21:10:40 Warning: Warning (2): Invalid argument supplied for foreach() in [/var/www/cake/qaa/views/questions/index.ctp, line 3]
2011-11-05 21:10:40 Warning: Warning (512): <span style="color:Red;text-align:left"><b>SQL Error:</b> 1064: You have an error in your SQL syntax; check the manual that corresponds to your MySQL server version for the right syntax to use near 'order = ('asc')' at line 1</span> in [/var/www/cakephp/cake/libs/model/datasources/dbo_source.php, line 684]
2011-11-05 21:10:40 Warning: Warning (512): <span style="color:Red;text-align:left"><b>SQL Error:</b> 1064: You have an error in your SQL syntax; check the manual that corresponds to your MySQL server version for the right syntax to use near 'order = ('asc')    LIMIT 20' at line 1</span> in [/var/www/cakephp/cake/libs/model/datasources/dbo_source.php, line 684]
2011-11-05 21:10:40 Warning: Warning (2): Invalid argument supplied for foreach() in [/var/www/cake/qaa/views/questions/index.ctp, line 3]
2011-11-05 21:10:40 Warning: Warning (512): <span style="color:Red;text-align:left"><b>SQL Error:</b> 1064: You have an error in your SQL syntax; check the manual that corresponds to your MySQL server version for the right syntax to use near 'order = ('asc')' at line 1</span> in [/var/www/cakephp/cake/libs/model/datasources/dbo_source.php, line 684]
2011-11-05 21:10:40 Warning: Warning (512): <span style="color:Red;text-align:left"><b>SQL Error:</b> 1064: You have an error in your SQL syntax; check the manual that corresponds to your MySQL server version for the right syntax to use near 'order = ('asc')    LIMIT 20' at line 1</span> in [/var/www/cakephp/cake/libs/model/datasources/dbo_source.php, line 684]
2011-11-05 21:10:40 Warning: Warning (2): Invalid argument supplied for foreach() in [/var/www/cake/qaa/views/questions/index.ctp, line 3]
2011-11-05 21:10:41 Warning: Warning (512): <span style="color:Red;text-align:left"><b>SQL Error:</b> 1064: You have an error in your SQL syntax; check the manual that corresponds to your MySQL server version for the right syntax to use near 'order = ('asc')' at line 1</span> in [/var/www/cakephp/cake/libs/model/datasources/dbo_source.php, line 684]
2011-11-05 21:10:41 Warning: Warning (512): <span style="color:Red;text-align:left"><b>SQL Error:</b> 1064: You have an error in your SQL syntax; check the manual that corresponds to your MySQL server version for the right syntax to use near 'order = ('asc')    LIMIT 20' at line 1</span> in [/var/www/cakephp/cake/libs/model/datasources/dbo_source.php, line 684]
2011-11-05 21:10:41 Warning: Warning (2): Invalid argument supplied for foreach() in [/var/www/cake/qaa/views/questions/index.ctp, line 3]
2011-11-05 21:10:41 Warning: Warning (512): <span style="color:Red;text-align:left"><b>SQL Error:</b> 1064: You have an error in your SQL syntax; check the manual that corresponds to your MySQL server version for the right syntax to use near 'order = ('asc')' at line 1</span> in [/var/www/cakephp/cake/libs/model/datasources/dbo_source.php, line 684]
2011-11-05 21:10:41 Warning: Warning (512): <span style="color:Red;text-align:left"><b>SQL Error:</b> 1064: You have an error in your SQL syntax; check the manual that corresponds to your MySQL server version for the right syntax to use near 'order = ('asc')    LIMIT 20' at line 1</span> in [/var/www/cakephp/cake/libs/model/datasources/dbo_source.php, line 684]
2011-11-05 21:10:41 Warning: Warning (2): Invalid argument supplied for foreach() in [/var/www/cake/qaa/views/questions/index.ctp, line 3]
2011-11-05 21:10:41 Warning: Warning (512): <span style="color:Red;text-align:left"><b>SQL Error:</b> 1064: You have an error in your SQL syntax; check the manual that corresponds to your MySQL server version for the right syntax to use near 'order = ('asc')' at line 1</span> in [/var/www/cakephp/cake/libs/model/datasources/dbo_source.php, line 684]
2011-11-05 21:10:41 Warning: Warning (512): <span style="color:Red;text-align:left"><b>SQL Error:</b> 1064: You have an error in your SQL syntax; check the manual that corresponds to your MySQL server version for the right syntax to use near 'order = ('asc')    LIMIT 20' at line 1</span> in [/var/www/cakephp/cake/libs/model/datasources/dbo_source.php, line 684]
2011-11-05 21:10:41 Warning: Warning (2): Invalid argument supplied for foreach() in [/var/www/cake/qaa/views/questions/index.ctp, line 3]
2011-11-05 21:10:41 Warning: Warning (512): <span style="color:Red;text-align:left"><b>SQL Error:</b> 1064: You have an error in your SQL syntax; check the manual that corresponds to your MySQL server version for the right syntax to use near 'order = ('asc')' at line 1</span> in [/var/www/cakephp/cake/libs/model/datasources/dbo_source.php, line 684]
2011-11-05 21:10:41 Warning: Warning (512): <span style="color:Red;text-align:left"><b>SQL Error:</b> 1064: You have an error in your SQL syntax; check the manual that corresponds to your MySQL server version for the right syntax to use near 'order = ('asc')    LIMIT 20' at line 1</span> in [/var/www/cakephp/cake/libs/model/datasources/dbo_source.php, line 684]
2011-11-05 21:10:41 Warning: Warning (2): Invalid argument supplied for foreach() in [/var/www/cake/qaa/views/questions/index.ctp, line 3]
2011-11-05 21:10:41 Warning: Warning (512): <span style="color:Red;text-align:left"><b>SQL Error:</b> 1064: You have an error in your SQL syntax; check the manual that corresponds to your MySQL server version for the right syntax to use near 'order = ('asc')' at line 1</span> in [/var/www/cakephp/cake/libs/model/datasources/dbo_source.php, line 684]
2011-11-05 21:10:41 Warning: Warning (512): <span style="color:Red;text-align:left"><b>SQL Error:</b> 1064: You have an error in your SQL syntax; check the manual that corresponds to your MySQL server version for the right syntax to use near 'order = ('asc')    LIMIT 20' at line 1</span> in [/var/www/cakephp/cake/libs/model/datasources/dbo_source.php, line 684]
2011-11-05 21:10:41 Warning: Warning (2): Invalid argument supplied for foreach() in [/var/www/cake/qaa/views/questions/index.ctp, line 3]
2011-11-05 21:10:42 Warning: Warning (512): <span style="color:Red;text-align:left"><b>SQL Error:</b> 1064: You have an error in your SQL syntax; check the manual that corresponds to your MySQL server version for the right syntax to use near 'order = ('asc')' at line 1</span> in [/var/www/cakephp/cake/libs/model/datasources/dbo_source.php, line 684]
2011-11-05 21:10:42 Warning: Warning (512): <span style="color:Red;text-align:left"><b>SQL Error:</b> 1064: You have an error in your SQL syntax; check the manual that corresponds to your MySQL server version for the right syntax to use near 'order = ('asc')    LIMIT 20' at line 1</span> in [/var/www/cakephp/cake/libs/model/datasources/dbo_source.php, line 684]
2011-11-05 21:10:42 Warning: Warning (2): Invalid argument supplied for foreach() in [/var/www/cake/qaa/views/questions/index.ctp, line 3]
2011-11-05 21:10:42 Warning: Warning (512): <span style="color:Red;text-align:left"><b>SQL Error:</b> 1064: You have an error in your SQL syntax; check the manual that corresponds to your MySQL server version for the right syntax to use near 'order = ('asc')' at line 1</span> in [/var/www/cakephp/cake/libs/model/datasources/dbo_source.php, line 684]
2011-11-05 21:10:42 Warning: Warning (512): <span style="color:Red;text-align:left"><b>SQL Error:</b> 1064: You have an error in your SQL syntax; check the manual that corresponds to your MySQL server version for the right syntax to use near 'order = ('asc')    LIMIT 20' at line 1</span> in [/var/www/cakephp/cake/libs/model/datasources/dbo_source.php, line 684]
2011-11-05 21:10:42 Warning: Warning (2): Invalid argument supplied for foreach() in [/var/www/cake/qaa/views/questions/index.ctp, line 3]
2011-11-05 21:10:42 Warning: Warning (512): <span style="color:Red;text-align:left"><b>SQL Error:</b> 1064: You have an error in your SQL syntax; check the manual that corresponds to your MySQL server version for the right syntax to use near 'order = ('asc')' at line 1</span> in [/var/www/cakephp/cake/libs/model/datasources/dbo_source.php, line 684]
2011-11-05 21:10:42 Warning: Warning (512): <span style="color:Red;text-align:left"><b>SQL Error:</b> 1064: You have an error in your SQL syntax; check the manual that corresponds to your MySQL server version for the right syntax to use near 'order = ('asc')    LIMIT 20' at line 1</span> in [/var/www/cakephp/cake/libs/model/datasources/dbo_source.php, line 684]
2011-11-05 21:10:42 Warning: Warning (2): Invalid argument supplied for foreach() in [/var/www/cake/qaa/views/questions/index.ctp, line 3]
2011-11-05 21:10:43 Warning: Warning (512): <span style="color:Red;text-align:left"><b>SQL Error:</b> 1064: You have an error in your SQL syntax; check the manual that corresponds to your MySQL server version for the right syntax to use near 'order = ('asc')' at line 1</span> in [/var/www/cakephp/cake/libs/model/datasources/dbo_source.php, line 684]
2011-11-05 21:10:43 Warning: Warning (512): <span style="color:Red;text-align:left"><b>SQL Error:</b> 1064: You have an error in your SQL syntax; check the manual that corresponds to your MySQL server version for the right syntax to use near 'order = ('asc')    LIMIT 20' at line 1</span> in [/var/www/cakephp/cake/libs/model/datasources/dbo_source.php, line 684]
2011-11-05 21:10:43 Warning: Warning (2): Invalid argument supplied for foreach() in [/var/www/cake/qaa/views/questions/index.ctp, line 3]
2011-11-05 21:10:58 Warning: Warning (512): <span style="color:Red;text-align:left"><b>SQL Error:</b> 1054: Unknown column 'limit' in 'where clause'</span> in [/var/www/cakephp/cake/libs/model/datasources/dbo_source.php, line 684]
2011-11-05 21:10:58 Warning: Warning (2): Invalid argument supplied for foreach() in [/var/www/cake/qaa/views/questions/index.ctp, line 3]
2011-11-05 21:10:59 Warning: Warning (512): <span style="color:Red;text-align:left"><b>SQL Error:</b> 1054: Unknown column 'limit' in 'where clause'</span> in [/var/www/cakephp/cake/libs/model/datasources/dbo_source.php, line 684]
2011-11-05 21:10:59 Warning: Warning (2): Invalid argument supplied for foreach() in [/var/www/cake/qaa/views/questions/index.ctp, line 3]
2011-11-05 21:11:00 Warning: Warning (512): <span style="color:Red;text-align:left"><b>SQL Error:</b> 1054: Unknown column 'limit' in 'where clause'</span> in [/var/www/cakephp/cake/libs/model/datasources/dbo_source.php, line 684]
2011-11-05 21:11:00 Warning: Warning (2): Invalid argument supplied for foreach() in [/var/www/cake/qaa/views/questions/index.ctp, line 3]
2011-11-05 21:11:00 Warning: Warning (512): <span style="color:Red;text-align:left"><b>SQL Error:</b> 1054: Unknown column 'limit' in 'where clause'</span> in [/var/www/cakephp/cake/libs/model/datasources/dbo_source.php, line 684]
2011-11-05 21:11:01 Warning: Warning (2): Invalid argument supplied for foreach() in [/var/www/cake/qaa/views/questions/index.ctp, line 3]
2011-11-05 21:11:01 Warning: Warning (512): <span style="color:Red;text-align:left"><b>SQL Error:</b> 1054: Unknown column 'limit' in 'where clause'</span> in [/var/www/cakephp/cake/libs/model/datasources/dbo_source.php, line 684]
2011-11-05 21:11:01 Warning: Warning (2): Invalid argument supplied for foreach() in [/var/www/cake/qaa/views/questions/index.ctp, line 3]
2011-11-05 21:11:01 Warning: Warning (512): <span style="color:Red;text-align:left"><b>SQL Error:</b> 1054: Unknown column 'limit' in 'where clause'</span> in [/var/www/cakephp/cake/libs/model/datasources/dbo_source.php, line 684]
2011-11-05 21:11:01 Warning: Warning (2): Invalid argument supplied for foreach() in [/var/www/cake/qaa/views/questions/index.ctp, line 3]
2011-11-05 21:11:01 Warning: Warning (512): <span style="color:Red;text-align:left"><b>SQL Error:</b> 1054: Unknown column 'limit' in 'where clause'</span> in [/var/www/cakephp/cake/libs/model/datasources/dbo_source.php, line 684]
2011-11-05 21:11:01 Warning: Warning (2): Invalid argument supplied for foreach() in [/var/www/cake/qaa/views/questions/index.ctp, line 3]
2011-11-05 21:11:01 Warning: Warning (512): <span style="color:Red;text-align:left"><b>SQL Error:</b> 1054: Unknown column 'limit' in 'where clause'</span> in [/var/www/cakephp/cake/libs/model/datasources/dbo_source.php, line 684]
2011-11-05 21:11:01 Warning: Warning (2): Invalid argument supplied for foreach() in [/var/www/cake/qaa/views/questions/index.ctp, line 3]
2011-11-05 21:11:01 Warning: Warning (512): <span style="color:Red;text-align:left"><b>SQL Error:</b> 1054: Unknown column 'limit' in 'where clause'</span> in [/var/www/cakephp/cake/libs/model/datasources/dbo_source.php, line 684]
2011-11-05 21:11:01 Warning: Warning (2): Invalid argument supplied for foreach() in [/var/www/cake/qaa/views/questions/index.ctp, line 3]
2011-11-05 21:11:01 Warning: Warning (512): <span style="color:Red;text-align:left"><b>SQL Error:</b> 1054: Unknown column 'limit' in 'where clause'</span> in [/var/www/cakephp/cake/libs/model/datasources/dbo_source.php, line 684]
2011-11-05 21:11:01 Warning: Warning (2): Invalid argument supplied for foreach() in [/var/www/cake/qaa/views/questions/index.ctp, line 3]
2011-11-05 21:11:01 Warning: Warning (512): <span style="color:Red;text-align:left"><b>SQL Error:</b> 1054: Unknown column 'limit' in 'where clause'</span> in [/var/www/cakephp/cake/libs/model/datasources/dbo_source.php, line 684]
2011-11-05 21:11:01 Warning: Warning (2): Invalid argument supplied for foreach() in [/var/www/cake/qaa/views/questions/index.ctp, line 3]
2011-11-05 21:11:01 Warning: Warning (512): <span style="color:Red;text-align:left"><b>SQL Error:</b> 1054: Unknown column 'limit' in 'where clause'</span> in [/var/www/cakephp/cake/libs/model/datasources/dbo_source.php, line 684]
2011-11-05 21:11:01 Warning: Warning (2): Invalid argument supplied for foreach() in [/var/www/cake/qaa/views/questions/index.ctp, line 3]
2011-11-06 20:45:13 Warning: Warning (512): <span style="color:Red;text-align:left"><b>SQL Error:</b> 1054: Unknown column 'Answer.avg_mark' in 'field list'</span> in [/var/www/cakephp/cake/libs/model/datasources/dbo_source.php, line 684]
2011-11-06 20:45:44 Warning: Warning (512): <span style="color:Red;text-align:left"><b>SQL Error:</b> 1054: Unknown column 'Rating.mark' in 'field list'</span> in [/var/www/cakephp/cake/libs/model/datasources/dbo_source.php, line 684]
2011-11-08 18:15:07 Warning: Warning (512): <span style="color:Red;text-align:left"><b>SQL Error:</b> 1054: Unknown column 'User.user_id' in 'on clause'</span> in [/var/www/cakephp/cake/libs/model/datasources/dbo_source.php, line 684]
2011-11-08 18:15:23 Warning: Warning (512): <span style="color:Red;text-align:left"><b>SQL Error:</b> 1066: Not unique table/alias: 'User'</span> in [/var/www/cakephp/cake/libs/model/datasources/dbo_source.php, line 684]
2011-11-08 18:15:45 Warning: Warning (512): <span style="color:Red;text-align:left"><b>SQL Error:</b> 1066: Not unique table/alias: 'User'</span> in [/var/www/cakephp/cake/libs/model/datasources/dbo_source.php, line 684]
2011-11-08 18:16:32 Warning: Warning (512): <span style="color:Red;text-align:left"><b>SQL Error:</b> 1054: Unknown column 'User.user_id' in 'on clause'</span> in [/var/www/cakephp/cake/libs/model/datasources/dbo_source.php, line 684]
2011-11-08 18:16:53 Warning: Warning (512): <span style="color:Red;text-align:left"><b>SQL Error:</b> 1054: Unknown column 'Category.user_id' in 'on clause'</span> in [/var/www/cakephp/cake/libs/model/datasources/dbo_source.php, line 684]
2011-11-08 18:57:23 Warning: Warning (2): Invalid argument supplied for foreach() in [/var/www/cake/qaa/controllers/categories_controller.php, line 27]
2011-11-08 19:19:15 Warning: Warning (2): Invalid argument supplied for foreach() in [/var/www/cake/qaa/controllers/categories_controller.php, line 28]
2011-11-08 19:19:30 Warning: Warning (2): Invalid argument supplied for foreach() in [/var/www/cake/qaa/controllers/categories_controller.php, line 28]
2011-11-08 19:20:47 Warning: Warning (2): Invalid argument supplied for foreach() in [/var/www/cake/qaa/controllers/categories_controller.php, line 28]
2011-11-08 19:20:57 Warning: Warning (2): Invalid argument supplied for foreach() in [/var/www/cake/qaa/controllers/categories_controller.php, line 28]
2011-11-08 19:22:13 Warning: Warning (512): <span style="color:Red;text-align:left"><b>SQL Error:</b> 1054: Unknown column 'conditions' in 'where clause'</span> in [/var/www/cakephp/cake/libs/model/datasources/dbo_source.php, line 684]
2011-11-08 19:22:13 Warning: Warning (2): Invalid argument supplied for foreach() in [/var/www/cake/qaa/controllers/categories_controller.php, line 29]
2011-11-08 19:22:50 Warning: Warning (2): Invalid argument supplied for foreach() in [/var/www/cake/qaa/controllers/categories_controller.php, line 29]
2011-11-08 19:23:56 Warning: Warning (2): Invalid argument supplied for foreach() in [/var/www/cake/qaa/controllers/categories_controller.php, line 28]
2011-11-08 19:24:10 Warning: Warning (2): Cannot use a scalar value as an array in [/var/www/cake/qaa/controllers/categories_controller.php, line 38]
2011-11-08 19:24:40 Warning: Warning (2): Cannot use a scalar value as an array in [/var/www/cake/qaa/controllers/categories_controller.php, line 38]
2011-11-08 19:25:47 Warning: Warning (2): Cannot use a scalar value as an array in [/var/www/cake/qaa/controllers/categories_controller.php, line 38]
2011-11-08 19:26:42 Warning: Warning (2): Cannot use a scalar value as an array in [/var/www/cake/qaa/controllers/categories_controller.php, line 38]
2011-11-08 19:27:13 Warning: Warning (2): Cannot use a scalar value as an array in [/var/www/cake/qaa/controllers/categories_controller.php, line 38]
2011-11-08 19:27:32 Warning: Warning (2): Cannot use a scalar value as an array in [/var/www/cake/qaa/controllers/categories_controller.php, line 38]
2011-11-09 20:28:10 Warning: Warning (512): <span style="color:Red;text-align:left"><b>SQL Error:</b> 1054: Unknown column 'Question.1' in 'field list'</span> in [/var/www/cakephp/cake/libs/model/datasources/dbo_source.php, line 684]
2011-11-09 20:28:41 Warning: Warning (512): <span style="color:Red;text-align:left"><b>SQL Error:</b> 1054: Unknown column 'Question.1' in 'field list'</span> in [/var/www/cakephp/cake/libs/model/datasources/dbo_source.php, line 684]
